TN:
SF:src/index.ts
FNF:0
FNH:0
DA:1,1
LF:1
LH:1
BRF:0
BRH:0
end_of_record
TN:
SF:src/constants/chains.ts
FN:23,getContractAddress
FNF:1
FNH:0
FNDA:0,getContractAddress
DA:1,1
DA:5,1
DA:7,1
DA:8,1
DA:9,1
DA:10,1
DA:11,1
DA:12,1
DA:16,1
DA:17,1
DA:18,1
DA:19,1
DA:20,1
DA:21,1
DA:23,1
DA:24,0
DA:25,0
DA:26,0
DA:28,0
DA:29,0
DA:30,0
DA:32,0
DA:33,0
LF:23
LH:15
BRF:0
BRH:0
end_of_record
TN:
SF:src/core/client.ts
FN:20,<instance_members_initializer>
FN:27,AssembleClient
FN:40,create
FN:53,get account
FN:60,get isConnected
FN:67,getChainId
FN:78,switchChain
FN:93,setWalletClient
FN:100,disconnect
FNF:9
FNH:6
FNDA:10,<instance_members_initializer>
FNDA:10,AssembleClient
FNDA:10,create
FNDA:4,get account
FNDA:3,get isConnected
FNDA:0,getChainId
FNDA:0,switchChain
FNDA:0,setWalletClient
FNDA:1,disconnect
DA:1,1
DA:20,1
DA:21,10
DA:22,10
DA:23,10
DA:24,10
DA:25,10
DA:27,10
DA:28,10
DA:31,10
DA:32,10
DA:33,10
DA:34,10
DA:35,10
DA:40,10
DA:41,10
DA:42,10
DA:43,10
DA:44,10
DA:45,10
DA:47,10
DA:48,10
DA:53,10
DA:54,4
DA:55,4
DA:60,10
DA:61,3
DA:62,3
DA:67,10
DA:68,0
DA:69,0
DA:70,0
DA:71,0
DA:72,0
DA:73,0
DA:78,10
DA:79,0
DA:80,0
DA:81,0
DA:83,0
DA:84,0
DA:85,0
DA:86,0
DA:87,0
DA:88,0
DA:93,10
DA:94,0
DA:95,0
DA:100,10
DA:101,1
DA:102,1
DA:103,10
LF:52
LH:35
BRDA:20,0,0,10
BRDA:27,1,0,10
BRDA:40,2,0,10
BRDA:53,3,0,4
BRDA:54,4,0,2
BRDA:60,5,0,3
BRDA:61,6,0,1
BRDA:100,7,0,1
BRF:8
BRH:8
end_of_record
TN:
SF:src/core/events.ts
FN:11,EventManager
FN:16,createEvent
FN:55,getEvent
FN:91,getEvents
FN:138,cancelEvent
FN:160,getEventsByOrganizer
FN:172,isEventOrganizer
FN:190,inviteToEvent
FN:225,removeInvitation
FN:249,isInvited
FN:269,updateRSVP
FN:295,getUserRSVP
FN:315,hasAttended
FN:335,isEventCancelled
FNF:14
FNH:1
FNDA:10,EventManager
FNDA:0,createEvent
FNDA:0,getEvent
FNDA:0,getEvents
FNDA:0,cancelEvent
FNDA:0,getEventsByOrganizer
FNDA:0,isEventOrganizer
FNDA:0,inviteToEvent
FNDA:0,removeInvitation
FNDA:0,isInvited
FNDA:0,updateRSVP
FNDA:0,getUserRSVP
FNDA:0,hasAttended
FNDA:0,isEventCancelled
DA:1,1
DA:10,1
DA:11,1
DA:16,1
DA:17,0
DA:18,0
DA:19,0
DA:22,0
DA:23,0
DA:24,0
DA:26,0
DA:28,0
DA:29,0
DA:30,0
DA:31,0
DA:32,0
DA:33,0
DA:34,0
DA:35,0
DA:36,0
DA:37,0
DA:39,0
DA:40,0
DA:41,0
DA:42,0
DA:43,0
DA:44,0
DA:46,0
DA:47,0
DA:48,0
DA:49,0
DA:50,0
DA:55,1
DA:56,0
DA:57,0
DA:58,0
DA:59,0
DA:60,0
DA:61,0
DA:62,0
DA:65,0
DA:66,0
DA:67,0
DA:69,0
DA:70,0
DA:71,0
DA:72,0
DA:73,0
DA:74,0
DA:75,0
DA:76,0
DA:77,0
DA:78,0
DA:79,0
DA:80,0
DA:81,0
DA:82,0
DA:83,0
DA:84,0
DA:85,0
DA:86,0
DA:91,1
DA:95,0
DA:96,0
DA:98,0
DA:99,0
DA:100,0
DA:101,0
DA:102,0
DA:103,0
DA:105,0
DA:106,0
DA:107,0
DA:110,0
DA:111,0
DA:113,0
DA:114,0
DA:115,0
DA:116,0
DA:117,0
DA:118,0
DA:119,0
DA:121,0
DA:122,0
DA:123,0
DA:125,0
DA:126,0
DA:127,0
DA:128,0
DA:129,0
DA:130,0
DA:131,0
DA:132,0
DA:133,0
DA:138,1
DA:139,0
DA:140,0
DA:141,0
DA:143,0
DA:144,0
DA:145,0
DA:146,0
DA:147,0
DA:148,0
DA:149,0
DA:151,0
DA:152,0
DA:153,0
DA:154,0
DA:155,0
DA:160,1
DA:161,0
DA:162,0
DA:163,0
DA:164,0
DA:165,0
DA:166,0
DA:167,0
DA:172,1
DA:173,0
DA:174,0
DA:175,0
DA:176,0
DA:177,0
DA:178,0
DA:179,0
DA:181,0
DA:182,0
DA:183,0
DA:184,0
DA:185,0
DA:190,1
DA:191,0
DA:192,0
DA:193,0
DA:195,0
DA:196,0
DA:197,0
DA:199,0
DA:200,0
DA:201,0
DA:204,0
DA:205,0
DA:206,0
DA:208,0
DA:209,0
DA:210,0
DA:211,0
DA:212,0
DA:213,0
DA:214,0
DA:216,0
DA:217,0
DA:218,0
DA:219,0
DA:220,0
DA:225,1
DA:226,0
DA:227,0
DA:228,0
DA:230,0
DA:232,0
DA:233,0
DA:234,0
DA:235,0
DA:236,0
DA:237,0
DA:238,0
DA:240,0
DA:241,0
DA:242,0
DA:243,0
DA:244,0
DA:249,1
DA:250,0
DA:252,0
DA:253,0
DA:254,0
DA:255,0
DA:256,0
DA:257,0
DA:258,0
DA:260,0
DA:261,0
DA:262,0
DA:263,0
DA:264,0
DA:269,1
DA:270,0
DA:271,0
DA:272,0
DA:274,0
DA:275,0
DA:276,0
DA:278,0
DA:279,0
DA:280,0
DA:281,0
DA:282,0
DA:283,0
DA:284,0
DA:286,0
DA:287,0
DA:288,0
DA:289,0
DA:290,0
DA:295,1
DA:296,0
DA:298,0
DA:299,0
DA:300,0
DA:301,0
DA:302,0
DA:303,0
DA:304,0
DA:306,0
DA:307,0
DA:308,0
DA:309,0
DA:310,0
DA:315,1
DA:316,0
DA:318,0
DA:319,0
DA:320,0
DA:321,0
DA:322,0
DA:323,0
DA:324,0
DA:326,0
DA:327,0
DA:328,0
DA:329,0
DA:330,0
DA:335,1
DA:336,0
DA:337,0
DA:338,0
DA:339,0
DA:340,0
DA:341,0
DA:342,0
DA:344,0
DA:345,0
DA:346,0
DA:347,0
DA:348,0
DA:349,1
LF:248
LH:17
BRDA:11,0,0,10
BRF:1
BRH:1
end_of_record
TN:
SF:src/core/protocol.ts
FN:11,ProtocolManager
FN:16,claimFunds
FN:38,claimOrganizerCredential
FN:60,setProtocolFee
FN:84,setFeeTo
FN:108,getMaxPaymentSplits
FN:126,getMaxPlatformFee
FN:144,getMaxProtocolFee
FN:162,getMaxTicketQuantity
FN:180,getRefundClaimDeadline
FNF:10
FNH:1
FNDA:10,ProtocolManager
FNDA:0,claimFunds
FNDA:0,claimOrganizerCredential
FNDA:0,setProtocolFee
FNDA:0,setFeeTo
FNDA:0,getMaxPaymentSplits
FNDA:0,getMaxPlatformFee
FNDA:0,getMaxProtocolFee
FNDA:0,getMaxTicketQuantity
FNDA:0,getRefundClaimDeadline
DA:1,1
DA:10,1
DA:11,1
DA:16,1
DA:17,0
DA:18,0
DA:19,0
DA:21,0
DA:22,0
DA:23,0
DA:24,0
DA:25,0
DA:26,0
DA:27,0
DA:29,0
DA:30,0
DA:31,0
DA:32,0
DA:33,0
DA:38,1
DA:39,0
DA:40,0
DA:41,0
DA:43,0
DA:44,0
DA:45,0
DA:46,0
DA:47,0
DA:48,0
DA:49,0
DA:51,0
DA:52,0
DA:53,0
DA:54,0
DA:55,0
DA:60,1
DA:61,0
DA:62,0
DA:63,0
DA:65,0
DA:67,0
DA:68,0
DA:69,0
DA:70,0
DA:71,0
DA:72,0
DA:73,0
DA:75,0
DA:76,0
DA:77,0
DA:78,0
DA:79,0
DA:84,1
DA:85,0
DA:86,0
DA:87,0
DA:89,0
DA:91,0
DA:92,0
DA:93,0
DA:94,0
DA:95,0
DA:96,0
DA:97,0
DA:99,0
DA:100,0
DA:101,0
DA:102,0
DA:103,0
DA:108,1
DA:109,0
DA:110,0
DA:111,0
DA:112,0
DA:113,0
DA:114,0
DA:115,0
DA:117,0
DA:118,0
DA:119,0
DA:120,0
DA:121,0
DA:126,1
DA:127,0
DA:128,0
DA:129,0
DA:130,0
DA:131,0
DA:132,0
DA:133,0
DA:135,0
DA:136,0
DA:137,0
DA:138,0
DA:139,0
DA:144,1
DA:145,0
DA:146,0
DA:147,0
DA:148,0
DA:149,0
DA:150,0
DA:151,0
DA:153,0
DA:154,0
DA:155,0
DA:156,0
DA:157,0
DA:162,1
DA:163,0
DA:164,0
DA:165,0
DA:166,0
DA:167,0
DA:168,0
DA:169,0
DA:171,0
DA:172,0
DA:173,0
DA:174,0
DA:175,0
DA:180,1
DA:181,0
DA:182,0
DA:183,0
DA:184,0
DA:185,0
DA:186,0
DA:187,0
DA:189,0
DA:190,0
DA:191,0
DA:192,0
DA:193,0
DA:194,1
LF:135
LH:13
BRDA:11,0,0,10
BRF:1
BRH:1
end_of_record
TN:
SF:src/core/social.ts
FN:11,SocialManager
FN:16,addFriend
FN:44,removeFriend
FN:68,getFriends
FN:88,isFriend
FN:109,postComment
FN:139,deleteComment
FN:161,likeComment
FN:183,unlikeComment
FN:205,getComments
FN:224,getEventComments
FN:258,getComment
FN:276,hasLikedComment
FN:296,banUser
FN:324,unbanUser
FN:348,getPaymentSplits
FN:366,getPendingWithdrawals
FN:386,tipEvent
FNF:18
FNH:1
FNDA:10,SocialManager
FNDA:0,addFriend
FNDA:0,removeFriend
FNDA:0,getFriends
FNDA:0,isFriend
FNDA:0,postComment
FNDA:0,deleteComment
FNDA:0,likeComment
FNDA:0,unlikeComment
FNDA:0,getComments
FNDA:0,getEventComments
FNDA:0,getComment
FNDA:0,hasLikedComment
FNDA:0,banUser
FNDA:0,unbanUser
FNDA:0,getPaymentSplits
FNDA:0,getPendingWithdrawals
FNDA:0,tipEvent
DA:1,1
DA:10,1
DA:11,1
DA:16,1
DA:17,0
DA:18,0
DA:19,0
DA:21,0
DA:23,0
DA:24,0
DA:25,0
DA:27,0
DA:28,0
DA:29,0
DA:30,0
DA:31,0
DA:32,0
DA:33,0
DA:35,0
DA:36,0
DA:37,0
DA:38,0
DA:39,0
DA:44,1
DA:45,0
DA:46,0
DA:47,0
DA:49,0
DA:51,0
DA:52,0
DA:53,0
DA:54,0
DA:55,0
DA:56,0
DA:57,0
DA:59,0
DA:60,0
DA:61,0
DA:62,0
DA:63,0
DA:68,1
DA:69,0
DA:71,0
DA:72,0
DA:73,0
DA:74,0
DA:75,0
DA:76,0
DA:77,0
DA:79,0
DA:80,0
DA:81,0
DA:82,0
DA:83,0
DA:88,1
DA:89,0
DA:90,0
DA:92,0
DA:93,0
DA:94,0
DA:95,0
DA:96,0
DA:97,0
DA:98,0
DA:100,0
DA:101,0
DA:102,0
DA:103,0
DA:104,0
DA:109,1
DA:110,0
DA:111,0
DA:112,0
DA:114,0
DA:115,0
DA:116,0
DA:118,0
DA:119,0
DA:120,0
DA:122,0
DA:123,0
DA:124,0
DA:125,0
DA:126,0
DA:127,0
DA:128,0
DA:130,0
DA:131,0
DA:132,0
DA:133,0
DA:134,0
DA:139,1
DA:140,0
DA:141,0
DA:142,0
DA:144,0
DA:145,0
DA:146,0
DA:147,0
DA:148,0
DA:149,0
DA:150,0
DA:152,0
DA:153,0
DA:154,0
DA:155,0
DA:156,0
DA:161,1
DA:162,0
DA:163,0
DA:164,0
DA:166,0
DA:167,0
DA:168,0
DA:169,0
DA:170,0
DA:171,0
DA:172,0
DA:174,0
DA:175,0
DA:176,0
DA:177,0
DA:178,0
DA:183,1
DA:184,0
DA:185,0
DA:186,0
DA:188,0
DA:189,0
DA:190,0
DA:191,0
DA:192,0
DA:193,0
DA:194,0
DA:196,0
DA:197,0
DA:198,0
DA:199,0
DA:200,0
DA:205,1
DA:206,0
DA:208,0
DA:209,0
DA:210,0
DA:211,0
DA:212,0
DA:213,0
DA:215,0
DA:216,0
DA:217,0
DA:218,0
DA:219,0
DA:224,1
DA:225,0
DA:226,0
DA:227,0
DA:228,0
DA:229,0
DA:230,0
DA:231,0
DA:234,0
DA:237,0
DA:238,0
DA:241,0
DA:242,0
DA:243,0
DA:244,0
DA:246,0
DA:247,0
DA:248,0
DA:249,0
DA:250,0
DA:251,0
DA:252,0
DA:253,0
DA:258,1
DA:259,0
DA:260,0
DA:261,0
DA:262,0
DA:263,0
DA:264,0
DA:265,0
DA:267,0
DA:268,0
DA:269,0
DA:270,0
DA:271,0
DA:276,1
DA:277,0
DA:279,0
DA:280,0
DA:281,0
DA:282,0
DA:283,0
DA:284,0
DA:285,0
DA:287,0
DA:288,0
DA:289,0
DA:290,0
DA:291,0
DA:296,1
DA:297,0
DA:298,0
DA:299,0
DA:301,0
DA:303,0
DA:304,0
DA:305,0
DA:307,0
DA:308,0
DA:309,0
DA:310,0
DA:311,0
DA:312,0
DA:313,0
DA:315,0
DA:316,0
DA:317,0
DA:318,0
DA:319,0
DA:324,1
DA:325,0
DA:326,0
DA:327,0
DA:329,0
DA:331,0
DA:332,0
DA:333,0
DA:334,0
DA:335,0
DA:336,0
DA:337,0
DA:339,0
DA:340,0
DA:341,0
DA:342,0
DA:343,0
DA:348,1
DA:349,0
DA:350,0
DA:351,0
DA:352,0
DA:353,0
DA:354,0
DA:355,0
DA:357,0
DA:358,0
DA:359,0
DA:360,0
DA:361,0
DA:366,1
DA:367,0
DA:369,0
DA:370,0
DA:371,0
DA:372,0
DA:373,0
DA:374,0
DA:375,0
DA:377,0
DA:378,0
DA:379,0
DA:380,0
DA:381,0
DA:386,1
DA:387,0
DA:388,0
DA:389,0
DA:391,0
DA:392,0
DA:393,0
DA:395,0
DA:396,0
DA:397,0
DA:398,0
DA:399,0
DA:400,0
DA:401,0
DA:402,0
DA:403,0
DA:404,0
DA:405,0
DA:406,0
DA:408,0
DA:409,0
DA:410,0
DA:411,0
DA:412,0
DA:413,1
LF:291
LH:21
BRDA:11,0,0,10
BRF:1
BRH:1
end_of_record
TN:
SF:src/core/tickets.ts
FN:11,TicketManager
FN:16,purchaseTickets
FN:58,calculatePrice
FN:76,getTickets
FN:142,getTicketBalance
FN:162,transferTickets
FN:199,useTicket
FN:221,checkIn
FN:243,checkInWithTicket
FN:265,checkInDelegate
FN:289,isValidTicketForEvent
FN:307,getRefundAmounts
FN:326,claimRefund
FN:348,claimTipRefund
FN:370,totalSupply
FN:389,generateTokenId
FNF:16
FNH:1
FNDA:10,TicketManager
FNDA:0,purchaseTickets
FNDA:0,calculatePrice
FNDA:0,getTickets
FNDA:0,getTicketBalance
FNDA:0,transferTickets
FNDA:0,useTicket
FNDA:0,checkIn
FNDA:0,checkInWithTicket
FNDA:0,checkInDelegate
FNDA:0,isValidTicketForEvent
FNDA:0,getRefundAmounts
FNDA:0,claimRefund
FNDA:0,claimTipRefund
FNDA:0,totalSupply
FNDA:0,generateTokenId
DA:1,1
DA:10,1
DA:11,1
DA:16,1
DA:17,0
DA:18,0
DA:19,0
DA:22,0
DA:23,0
DA:24,0
DA:26,0
DA:27,0
DA:28,0
DA:30,0
DA:31,0
DA:32,0
DA:34,0
DA:35,0
DA:36,0
DA:37,0
DA:38,0
DA:39,0
DA:40,0
DA:41,0
DA:42,0
DA:43,0
DA:44,0
DA:45,0
DA:46,0
DA:47,0
DA:49,0
DA:50,0
DA:51,0
DA:52,0
DA:53,0
DA:58,1
DA:59,0
DA:60,0
DA:61,0
DA:62,0
DA:63,0
DA:64,0
DA:65,0
DA:67,0
DA:68,0
DA:69,0
DA:70,0
DA:71,0
DA:76,1
DA:77,0
DA:79,0
DA:80,0
DA:81,0
DA:82,0
DA:83,0
DA:84,0
DA:86,0
DA:89,0
DA:90,0
DA:92,0
DA:93,0
DA:94,0
DA:95,0
DA:96,0
DA:97,0
DA:99,0
DA:102,0
DA:103,0
DA:104,0
DA:105,0
DA:106,0
DA:109,0
DA:110,0
DA:111,0
DA:112,0
DA:113,0
DA:114,0
DA:115,0
DA:116,0
DA:117,0
DA:118,0
DA:119,0
DA:121,0
DA:122,0
DA:123,0
DA:124,0
DA:126,0
DA:127,0
DA:128,0
DA:130,0
DA:131,0
DA:132,0
DA:133,0
DA:134,0
DA:135,0
DA:136,0
DA:137,0
DA:142,1
DA:143,0
DA:144,0
DA:146,0
DA:147,0
DA:148,0
DA:149,0
DA:150,0
DA:151,0
DA:153,0
DA:154,0
DA:155,0
DA:156,0
DA:157,0
DA:162,1
DA:163,0
DA:164,0
DA:165,0
DA:166,0
DA:167,0
DA:168,0
DA:169,0
DA:170,0
DA:172,0
DA:174,0
DA:175,0
DA:177,0
DA:178,0
DA:179,0
DA:180,0
DA:181,0
DA:182,0
DA:183,0
DA:184,0
DA:185,0
DA:186,0
DA:187,0
DA:188,0
DA:190,0
DA:191,0
DA:192,0
DA:193,0
DA:194,0
DA:199,1
DA:200,0
DA:201,0
DA:202,0
DA:204,0
DA:205,0
DA:206,0
DA:207,0
DA:208,0
DA:209,0
DA:210,0
DA:212,0
DA:213,0
DA:214,0
DA:215,0
DA:216,0
DA:221,1
DA:222,0
DA:223,0
DA:224,0
DA:226,0
DA:227,0
DA:228,0
DA:229,0
DA:230,0
DA:231,0
DA:232,0
DA:234,0
DA:235,0
DA:236,0
DA:237,0
DA:238,0
DA:243,1
DA:244,0
DA:245,0
DA:246,0
DA:248,0
DA:249,0
DA:250,0
DA:251,0
DA:252,0
DA:253,0
DA:254,0
DA:256,0
DA:257,0
DA:258,0
DA:259,0
DA:260,0
DA:265,1
DA:266,0
DA:267,0
DA:268,0
DA:270,0
DA:272,0
DA:273,0
DA:274,0
DA:275,0
DA:276,0
DA:277,0
DA:278,0
DA:280,0
DA:281,0
DA:282,0
DA:283,0
DA:284,0
DA:289,1
DA:290,0
DA:291,0
DA:292,0
DA:293,0
DA:294,0
DA:295,0
DA:296,0
DA:298,0
DA:299,0
DA:300,0
DA:301,0
DA:302,0
DA:307,1
DA:308,0
DA:309,0
DA:310,0
DA:311,0
DA:312,0
DA:313,0
DA:314,0
DA:316,0
DA:317,0
DA:318,0
DA:319,0
DA:320,0
DA:321,0
DA:326,1
DA:327,0
DA:328,0
DA:329,0
DA:331,0
DA:332,0
DA:333,0
DA:334,0
DA:335,0
DA:336,0
DA:337,0
DA:339,0
DA:340,0
DA:341,0
DA:342,0
DA:343,0
DA:348,1
DA:349,0
DA:350,0
DA:351,0
DA:353,0
DA:354,0
DA:355,0
DA:356,0
DA:357,0
DA:358,0
DA:359,0
DA:361,0
DA:362,0
DA:363,0
DA:364,0
DA:365,0
DA:370,1
DA:371,0
DA:372,0
DA:373,0
DA:374,0
DA:375,0
DA:376,0
DA:377,0
DA:379,0
DA:380,0
DA:381,0
DA:382,0
DA:383,0
DA:389,1
DA:390,0
DA:392,0
DA:393,0
DA:394,0
DA:395,0
DA:396,0
DA:397,0
DA:398,0
DA:399,0
DA:402,0
DA:403,0
DA:404,0
DA:405,1
LF:291
LH:19
BRDA:11,0,0,10
BRF:1
BRH:1
end_of_record
TN:
SF:src/errors/index.ts
FN:6,AssembleError
FN:13,ContractError
FN:20,ValidationError
FN:27,NetworkError
FN:34,WalletError
FN:43,isAssembleError
FN:47,isContractError
FN:51,isValidationError
FN:55,isNetworkError
FN:59,isWalletError
FNF:10
FNH:4
FNDA:8,AssembleError
FNDA:1,ContractError
FNDA:6,ValidationError
FNDA:0,NetworkError
FNDA:1,WalletError
FNDA:0,isAssembleError
FNDA:0,isContractError
FNDA:0,isValidationError
FNDA:0,isNetworkError
FNDA:0,isWalletError
DA:5,1
DA:6,1
DA:7,8
DA:8,8
DA:9,8
DA:10,1
DA:12,1
DA:13,1
DA:14,1
DA:15,1
DA:16,1
DA:17,1
DA:19,1
DA:20,1
DA:21,6
DA:22,6
DA:23,6
DA:24,1
DA:26,1
DA:27,1
DA:28,0
DA:29,0
DA:30,0
DA:31,1
DA:33,1
DA:34,1
DA:35,1
DA:36,1
DA:37,1
DA:38,1
DA:43,1
DA:44,0
DA:45,0
DA:47,1
DA:48,0
DA:49,0
DA:51,1
DA:52,0
DA:53,0
DA:55,1
DA:56,0
DA:57,0
DA:59,1
DA:60,0
DA:61,0
LF:45
LH:32
BRDA:6,0,0,8
BRDA:13,1,0,1
BRDA:20,2,0,6
BRDA:34,3,0,1
BRF:4
BRH:4
end_of_record
TN:
SF:src/types/index.ts
FNF:0
FNH:0
DA:20,1
DA:21,1
DA:22,1
DA:23,1
DA:26,1
DA:27,1
DA:28,1
DA:29,1
DA:32,1
DA:33,1
DA:34,1
LF:11
LH:11
BRDA:20,0,0,1
BRDA:26,1,0,1
BRDA:32,2,0,1
BRF:3
BRH:3
end_of_record
TN:
SF:src/utils/index.ts
FN:7,isValidAddress
FN:11,validateAddress
FN:21,toUnixTimestamp
FN:25,fromUnixTimestamp
FN:29,isValidTimestamp
FN:37,basisPointsToPercent
FN:41,percentToBasisPoints
FN:45,validateBasisPoints
FN:54,formatEther
FN:58,parseEther
FN:65,validateEventTiming
FN:77,validateCapacity
FN:86,validatePaymentSplits
FNF:13
FNH:5
FNDA:4,isValidAddress
FNDA:4,validateAddress
FNDA:0,toUnixTimestamp
FNDA:0,fromUnixTimestamp
FNDA:0,isValidTimestamp
FNDA:0,basisPointsToPercent
FNDA:0,percentToBasisPoints
FNDA:4,validateBasisPoints
FNDA:0,formatEther
FNDA:0,parseEther
FNDA:3,validateEventTiming
FNDA:0,validateCapacity
FNDA:2,validatePaymentSplits
DA:1,1
DA:7,1
DA:8,4
DA:9,4
DA:11,1
DA:12,4
DA:13,1
DA:14,1
DA:15,3
DA:16,3
DA:21,1
DA:22,0
DA:23,0
DA:25,1
DA:26,0
DA:27,0
DA:29,1
DA:30,0
DA:31,0
DA:32,0
DA:37,1
DA:38,0
DA:39,0
DA:41,1
DA:42,0
DA:43,0
DA:45,1
DA:46,4
DA:47,1
DA:48,1
DA:49,4
DA:54,1
DA:55,0
DA:56,0
DA:58,1
DA:59,0
DA:60,0
DA:65,1
DA:66,3
DA:68,3
DA:69,1
DA:70,1
DA:72,3
DA:73,1
DA:74,1
DA:75,3
DA:77,1
DA:78,0
DA:79,0
DA:80,0
DA:81,0
DA:86,1
DA:87,2
DA:88,0
DA:89,0
DA:91,2
DA:92,0
DA:93,0
DA:95,2
DA:96,2
DA:97,1
DA:98,1
DA:100,2
DA:101,2
DA:102,2
DA:103,2
DA:104,1
LF:67
LH:44
BRDA:7,0,0,4
BRDA:11,1,0,4
BRDA:12,2,0,1
BRDA:14,3,0,3
BRDA:45,4,0,4
BRDA:46,5,0,1
BRDA:65,6,0,3
BRDA:68,7,0,1
BRDA:70,8,0,2
BRDA:72,9,0,1
BRDA:86,10,0,2
BRDA:87,11,0,0
BRDA:91,12,0,0
BRDA:96,13,0,1
BRDA:103,14,0,1
BRDA:95,15,0,3
BRF:16
BRH:14
end_of_record
